<?xml version="1.0" encoding="UTF-8"?>
<testsuite xmlns:xsi="http://www.w3.org/2001/XMLSchema-instance" xsi:noNamespaceSchemaLocation="https://maven.apache.org/surefire/maven-surefire-plugin/xsd/surefire-test-report-3.0.xsd" version="3.0" name="com.example.AppTest" time="6.074" tests="1" errors="0" skipped="0" failures="0">
  <properties>
[...]
</properties>
  <testcase name="helloEndpointTest" classname="com.example.AppTest" time="1.815">
    <system-out><![CDATA[16:45:33.149 [main] INFO org.springframework.test.context.support.AnnotationConfigContextLoaderUtils -- Could not detect default configuration classes for test class [com.example.AppTest]: AppTest does not declare any static, non-private, non-final, nested classes annotated with @Configuration.
16:45:33.453 [main] INFO org.springframework.boot.test.context.SpringBootTestContextBootstrapper -- Found @SpringBootConfiguration com.example.App for test class com.example.AppTest

  .   ____          _            __ _ _
 /\\ / ___'_ __ _ _(_)_ __  __ _ \ \ \ \
( ( )\___ | '_ | '_| | '_ \/ _` | \ \ \ \
 \\/  ___)| |_)| | | | | || (_| |  ) ) ) )
  '  |____| .__|_| |_|_| |_\__, | / / / /
 =========|_|==============|___/=/_/_/_/
 :: Spring Boot ::                (v3.2.4)

2025-03-18T16:45:34.391+05:30  INFO 6392 --- [           main] com.example.AppTest                      : Starting AppTest using Java 21 with PID 6392 (started by HR321 in C:\Users\hr321\demo\DEMO)
2025-03-18T16:45:34.395+05:30  INFO 6392 --- [           main] com.example.AppTest                      : No active profile set, falling back to 1 default profile: "default"
2025-03-18T16:45:36.070+05:30  INFO 6392 --- [           main] o.s.b.w.embedded.tomcat.TomcatWebServer  : Tomcat initialized with port 0 (http)
2025-03-18T16:45:36.103+05:30  INFO 6392 --- [           main] o.apache.catalina.core.StandardService   : Starting service [Tomcat]
2025-03-18T16:45:36.103+05:30  INFO 6392 --- [           main] o.apache.catalina.core.StandardEngine    : Starting Servlet engine: [Apache Tomcat/10.1.19]
2025-03-18T16:45:36.204+05:30  INFO 6392 --- [           main] o.a.c.c.C.[Tomcat].[localhost].[/]       : Initializing Spring embedded WebApplicationContext
2025-03-18T16:45:36.209+05:30  INFO 6392 --- [           main] w.s.c.ServletWebServerApplicationContext : Root WebApplicationContext: initialization completed in 1766 ms
2025-03-18T16:45:36.869+05:30  INFO 6392 --- [           main] o.s.b.w.embedded.tomcat.TomcatWebServer  : Tomcat started on port 58255 (http) with context path ''
2025-03-18T16:45:36.884+05:30  INFO 6392 --- [           main] com.example.AppTest                      : Started AppTest in 3.061 seconds (process running for 5.537)
2025-03-18T16:45:38.460+05:30  INFO 6392 --- [o-auto-1-exec-1] o.a.c.c.C.[Tomcat].[localhost].[/]       : Initializing Spring DispatcherServlet 'dispatcherServlet'
2025-03-18T16:45:38.460+05:30  INFO 6392 --- [o-auto-1-exec-1] o.s.web.servlet.DispatcherServlet        : Initializing Servlet 'dispatcherServlet'
2025-03-18T16:45:38.466+05:30  INFO 6392 --- [o-auto-1-exec-1] o.s.web.servlet.DispatcherServlet        : Completed initialization in 1 ms
]]></system-out>
    <system-err><![CDATA[WARNING: A Java agent has been loaded dynamically (C:\Users\hr321\.m2\repository\net\bytebuddy\byte-buddy-agent\1.14.12\byte-buddy-agent-1.14.12.jar)
WARNING: If a serviceability tool is in use, please run with -XX:+EnableDynamicAgentLoading to hide this warning
WARNING: If a serviceability tool is not in use, please run with -Djdk.instrument.traceUsage for more information
WARNING: Dynamic loading of agents will be disallowed by default in a future release
]]></system-err>
  </testcase>
</testsuite>